<?xml version="1.0" encoding="UTF-8"?>
<!-- Generated by org.testng.reporters.JUnitXMLReporter -->
<testsuite ignored="0" hostname="DESKTOP-FCUNN9C" failures="2" tests="10" name="Test" time="0.496" errors="0" timestamp="2022-02-21T14:19:23 IST">
  <testcase classname="com.retryAnalysis.OrderPlacement" name="test1" time="0.055">
    <skipped/>
  </testcase> <!-- test1 -->
  <testcase classname="com.retryAnalysis.OrderPlacement" name="test1" time="0.009">
    <skipped/>
  </testcase> <!-- test1 -->
  <testcase classname="com.retryAnalysis.OrderPlacement" name="test1" time="0.008">
    <skipped/>
  </testcase> <!-- test1 -->
  <testcase classname="com.retryAnalysis.OrderPlacement" name="test1" time="0.006">
    <skipped/>
  </testcase> <!-- test1 -->
  <testcase classname="com.retryAnalysis.OrderPlacement" name="test1" time="0.005">
    <failure type="junit.framework.ComparisonFailure" message="expected:&amp;lt;[A]&amp;gt; but was:&amp;lt;[a]&amp;gt;">
      <![CDATA[junit.framework.ComparisonFailure: expected:<[A]> but was:<[a]>
at junit.framework.Assert.assertEquals(Assert.java:100)
at junit.framework.Assert.assertEquals(Assert.java:107)
at com.retryAnalysis.OrderPlacement.test1(OrderPlacement.java:10)
at java.base/java.util.ArrayList.forEach(ArrayList.java:1511)
... Removed 27 stack frames]]>
    </failure>
  </testcase> <!-- test1 -->
  <testcase classname="com.retryAnalysis.OrderPlacement" name="test2" time="0.011">
    <skipped/>
  </testcase> <!-- test2 -->
  <testcase classname="com.retryAnalysis.OrderPlacement" name="test2" time="0.004">
    <skipped/>
  </testcase> <!-- test2 -->
  <testcase classname="com.retryAnalysis.OrderPlacement" name="test2" time="0.005">
    <skipped/>
  </testcase> <!-- test2 -->
  <testcase classname="com.retryAnalysis.OrderPlacement" name="test2" time="0.011">
    <skipped/>
  </testcase> <!-- test2 -->
  <testcase classname="com.retryAnalysis.OrderPlacement" name="test2" time="0.007">
    <failure type="junit.framework.ComparisonFailure" message="expected:&amp;lt;[A]&amp;gt; but was:&amp;lt;[a]&amp;gt;">
      <![CDATA[junit.framework.ComparisonFailure: expected:<[A]> but was:<[a]>
at junit.framework.Assert.assertEquals(Assert.java:100)
at junit.framework.Assert.assertEquals(Assert.java:107)
at com.retryAnalysis.OrderPlacement.test2(OrderPlacement.java:15)
at java.base/java.util.ArrayList.forEach(ArrayList.java:1511)
... Removed 27 stack frames]]>
    </failure>
  </testcase> <!-- test2 -->
</testsuite> <!-- Test -->
